17-12-2020 09:34:27.162  - Application run failed
java.lang.IllegalStateException: Failed to execute CommandLineRunner
	at org.springframework.boot.SpringApplication.callRunner(SpringApplication.java:807)
	at org.springframework.boot.SpringApplication.callRunners(SpringApplication.java:788)
	at org.springframework.boot.SpringApplication.run(SpringApplication.java:333)
	at org.springframework.boot.SpringApplication.run(SpringApplication.java:1309)
	at org.springframework.boot.SpringApplication.run(SpringApplication.java:1298)
	at dev.Jpa2Application.main(Jpa2Application.java:32)
Caused by: dev.exception.RepoException: suppr impossible id non trouvé !
	at dev.services.FilmService.delete(FilmService.java:76)
	at dev.Jpa2Application.run(Jpa2Application.java:59)
	at dev.Jpa2Application$$FastClassBySpringCGLIB$$578f520.invoke(<generated>)
	at org.springframework.cglib.proxy.MethodProxy.invoke(MethodProxy.java:218)
	at org.springframework.aop.framework.CglibAopProxy$CglibMethodInvocation.invokeJoinpoint(CglibAopProxy.java:771)
	at org.springframework.aop.framework.ReflectiveMethodInvocation.proceed(ReflectiveMethodInvocation.java:163)
	at org.springframework.aop.framework.CglibAopProxy$CglibMethodInvocation.proceed(CglibAopProxy.java:749)
	at org.springframework.transaction.interceptor.TransactionInterceptor$1.proceedWithInvocation(TransactionInterceptor.java:123)
	at org.springframework.transaction.interceptor.TransactionAspectSupport.invokeWithinTransaction(TransactionAspectSupport.java:388)
	at org.springframework.transaction.interceptor.TransactionInterceptor.invoke(TransactionInterceptor.java:119)
	at org.springframework.aop.framework.ReflectiveMethodInvocation.proceed(ReflectiveMethodInvocation.java:186)
	at org.springframework.aop.framework.CglibAopProxy$CglibMethodInvocation.proceed(CglibAopProxy.java:749)
	at org.springframework.aop.framework.CglibAopProxy$DynamicAdvisedInterceptor.intercept(CglibAopProxy.java:691)
	at dev.Jpa2Application$$EnhancerBySpringCGLIB$$27cc504f.run(<generated>)
	at org.springframework.boot.SpringApplication.callRunner(SpringApplication.java:804)
	... 5 common frames omitted
17-12-2020 10:09:58.016  - Application run failed
org.springframework.beans.factory.UnsatisfiedDependencyException: Error creating bean with name 'jpa2Application': Unsatisfied dependency expressed through field 'filmServ'; nested exception is org.springframework.beans.factory.UnsatisfiedDependencyException: Error creating bean with name 'filmService' defined in file [C:\Users\cql-v\eclipse-workspace\jpa2\target\classes\dev\services\FilmService.class]: Unsatisfied dependency expressed through constructor parameter 0; nested exception is org.springframework.beans.factory.BeanCreationException: Error creating bean with name 'filmRepository' defined in dev.repositories.FilmRepository defined in @EnableJpaRepositories declared on Jpa2Application: Invocation of init method failed; nested exception is java.lang.IllegalArgumentException: Validation failed for query for method public abstract java.util.List dev.repositories.FilmRepository.findByCategorie(java.lang.String)!
	at org.springframework.beans.factory.annotation.AutowiredAnnotationBeanPostProcessor$AutowiredFieldElement.inject(AutowiredAnnotationBeanPostProcessor.java:643)
	at org.springframework.beans.factory.annotation.InjectionMetadata.inject(InjectionMetadata.java:119)
	at org.springframework.beans.factory.annotation.AutowiredAnnotationBeanPostProcessor.postProcessProperties(AutowiredAnnotationBeanPostProcessor.java:399)
	at org.springframework.beans.factory.support.AbstractAutowireCapableBeanFactory.populateBean(AbstractAutowireCapableBeanFactory.java:1415)
	at org.springframework.beans.factory.support.AbstractAutowireCapableBeanFactory.doCreateBean(AbstractAutowireCapableBeanFactory.java:608)
	at org.springframework.beans.factory.support.AbstractAutowireCapableBeanFactory.createBean(AbstractAutowireCapableBeanFactory.java:531)
	at org.springframework.beans.factory.support.AbstractBeanFactory.lambda$doGetBean$0(AbstractBeanFactory.java:335)
	at org.springframework.beans.factory.support.DefaultSingletonBeanRegistry.getSingleton(DefaultSingletonBeanRegistry.java:234)
	at org.springframework.beans.factory.support.AbstractBeanFactory.doGetBean(AbstractBeanFactory.java:333)
	at org.springframework.beans.factory.support.AbstractBeanFactory.getBean(AbstractBeanFactory.java:208)
	at org.springframework.beans.factory.support.DefaultListableBeanFactory.preInstantiateSingletons(DefaultListableBeanFactory.java:944)
	at org.springframework.context.support.AbstractApplicationContext.finishBeanFactoryInitialization(AbstractApplicationContext.java:923)
	at org.springframework.context.support.AbstractApplicationContext.refresh(AbstractApplicationContext.java:588)
	at org.springframework.boot.SpringApplication.refresh(SpringApplication.java:767)
	at org.springframework.boot.SpringApplication.refresh(SpringApplication.java:759)
	at org.springframework.boot.SpringApplication.refreshContext(SpringApplication.java:426)
	at org.springframework.boot.SpringApplication.run(SpringApplication.java:326)
	at org.springframework.boot.SpringApplication.run(SpringApplication.java:1309)
	at org.springframework.boot.SpringApplication.run(SpringApplication.java:1298)
	at dev.Jpa2Application.main(Jpa2Application.java:34)
Caused by: org.springframework.beans.factory.UnsatisfiedDependencyException: Error creating bean with name 'filmService' defined in file [C:\Users\cql-v\eclipse-workspace\jpa2\target\classes\dev\services\FilmService.class]: Unsatisfied dependency expressed through constructor parameter 0; nested exception is org.springframework.beans.factory.BeanCreationException: Error creating bean with name 'filmRepository' defined in dev.repositories.FilmRepository defined in @EnableJpaRepositories declared on Jpa2Application: Invocation of init method failed; nested exception is java.lang.IllegalArgumentException: Validation failed for query for method public abstract java.util.List dev.repositories.FilmRepository.findByCategorie(java.lang.String)!
	at org.springframework.beans.factory.support.ConstructorResolver.createArgumentArray(ConstructorResolver.java:800)
	at org.springframework.beans.factory.support.ConstructorResolver.autowireConstructor(ConstructorResolver.java:229)
	at org.springframework.beans.factory.support.AbstractAutowireCapableBeanFactory.autowireConstructor(AbstractAutowireCapableBeanFactory.java:1356)
	at org.springframework.beans.factory.support.AbstractAutowireCapableBeanFactory.createBeanInstance(AbstractAutowireCapableBeanFactory.java:1206)
	at org.springframework.beans.factory.support.AbstractAutowireCapableBeanFactory.doCreateBean(AbstractAutowireCapableBeanFactory.java:571)
	at org.springframework.beans.factory.support.AbstractAutowireCapableBeanFactory.createBean(AbstractAutowireCapableBeanFactory.java:531)
	at org.springframework.beans.factory.support.AbstractBeanFactory.lambda$doGetBean$0(AbstractBeanFactory.java:335)
	at org.springframework.beans.factory.support.DefaultSingletonBeanRegistry.getSingleton(DefaultSingletonBeanRegistry.java:234)
	at org.springframework.beans.factory.support.AbstractBeanFactory.doGetBean(AbstractBeanFactory.java:333)
	at org.springframework.beans.factory.support.AbstractBeanFactory.getBean(AbstractBeanFactory.java:208)
	at org.springframework.beans.factory.config.DependencyDescriptor.resolveCandidate(DependencyDescriptor.java:276)
	at org.springframework.beans.factory.support.DefaultListableBeanFactory.doResolveDependency(DefaultListableBeanFactory.java:1367)
	at org.springframework.beans.factory.support.DefaultListableBeanFactory.resolveDependency(DefaultListableBeanFactory.java:1287)
	at org.springframework.beans.factory.annotation.AutowiredAnnotationBeanPostProcessor$AutowiredFieldElement.inject(AutowiredAnnotationBeanPostProcessor.java:640)
	... 19 common frames omitted
Caused by: org.springframework.beans.factory.BeanCreationException: Error creating bean with name 'filmRepository' defined in dev.repositories.FilmRepository defined in @EnableJpaRepositories declared on Jpa2Application: Invocation of init method failed; nested exception is java.lang.IllegalArgumentException: Validation failed for query for method public abstract java.util.List dev.repositories.FilmRepository.findByCategorie(java.lang.String)!
	at org.springframework.beans.factory.support.AbstractAutowireCapableBeanFactory.initializeBean(AbstractAutowireCapableBeanFactory.java:1788)
	at org.springframework.beans.factory.support.AbstractAutowireCapableBeanFactory.doCreateBean(AbstractAutowireCapableBeanFactory.java:609)
	at org.springframework.beans.factory.support.AbstractAutowireCapableBeanFactory.createBean(AbstractAutowireCapableBeanFactory.java:531)
	at org.springframework.beans.factory.support.AbstractBeanFactory.lambda$doGetBean$0(AbstractBeanFactory.java:335)
	at org.springframework.beans.factory.support.DefaultSingletonBeanRegistry.getSingleton(DefaultSingletonBeanRegistry.java:234)
	at org.springframework.beans.factory.support.AbstractBeanFactory.doGetBean(AbstractBeanFactory.java:333)
	at org.springframework.beans.factory.support.AbstractBeanFactory.getBean(AbstractBeanFactory.java:208)
	at org.springframework.beans.factory.config.DependencyDescriptor.resolveCandidate(DependencyDescriptor.java:276)
	at org.springframework.beans.factory.support.DefaultListableBeanFactory.doResolveDependency(DefaultListableBeanFactory.java:1367)
	at org.springframework.beans.factory.support.DefaultListableBeanFactory.resolveDependency(DefaultListableBeanFactory.java:1287)
	at org.springframework.beans.factory.support.ConstructorResolver.resolveAutowiredArgument(ConstructorResolver.java:887)
	at org.springframework.beans.factory.support.ConstructorResolver.createArgumentArray(ConstructorResolver.java:791)
	... 32 common frames omitted
Caused by: java.lang.IllegalArgumentException: Validation failed for query for method public abstract java.util.List dev.repositories.FilmRepository.findByCategorie(java.lang.String)!
	at org.springframework.data.jpa.repository.query.SimpleJpaQuery.validateQuery(SimpleJpaQuery.java:93)
	at org.springframework.data.jpa.repository.query.SimpleJpaQuery.<init>(SimpleJpaQuery.java:63)
	at org.springframework.data.jpa.repository.query.JpaQueryFactory.fromMethodWithQueryString(JpaQueryFactory.java:76)
	at org.springframework.data.jpa.repository.query.JpaQueryFactory.fromQueryAnnotation(JpaQueryFactory.java:56)
	at org.springframework.data.jpa.repository.query.JpaQueryLookupStrategy$DeclaredQueryLookupStrategy.resolveQuery(JpaQueryLookupStrategy.java:146)
	at org.springframework.data.jpa.repository.query.JpaQueryLookupStrategy$CreateIfNotFoundQueryLookupStrategy.resolveQuery(JpaQueryLookupStrategy.java:216)
	at org.springframework.data.jpa.repository.query.JpaQueryLookupStrategy$AbstractQueryLookupStrategy.resolveQuery(JpaQueryLookupStrategy.java:81)
	at org.springframework.data.repository.core.support.QueryExecutorMethodInterceptor.lookupQuery(QueryExecutorMethodInterceptor.java:100)
	at org.springframework.data.repository.core.support.QueryExecutorMethodInterceptor.lambda$mapMethodsToQuery$1(QueryExecutorMethodInterceptor.java:93)
	at java.base/java.util.stream.ReferencePipeline$3$1.accept(ReferencePipeline.java:195)
	at java.base/java.util.Iterator.forEachRemaining(Iterator.java:133)
	at java.base/java.util.Collections$UnmodifiableCollection$1.forEachRemaining(Collections.java:1056)
	at java.base/java.util.Spliterators$IteratorSpliterator.forEachRemaining(Spliterators.java:1801)
	at java.base/java.util.stream.AbstractPipeline.copyInto(AbstractPipeline.java:484)
	at java.base/java.util.stream.AbstractPipeline.wrapAndCopyInto(AbstractPipeline.java:474)
	at java.base/java.util.stream.ReduceOps$ReduceOp.evaluateSequential(ReduceOps.java:913)
	at java.base/java.util.stream.AbstractPipeline.evaluate(AbstractPipeline.java:234)
	at java.base/java.util.stream.ReferencePipeline.collect(ReferencePipeline.java:578)
	at org.springframework.data.repository.core.support.QueryExecutorMethodInterceptor.mapMethodsToQuery(QueryExecutorMethodInterceptor.java:95)
	at org.springframework.data.repository.core.support.QueryExecutorMethodInterceptor.lambda$new$0(QueryExecutorMethodInterceptor.java:85)
	at java.base/java.util.Optional.map(Optional.java:258)
	at org.springframework.data.repository.core.support.QueryExecutorMethodInterceptor.<init>(QueryExecutorMethodInterceptor.java:85)
	at org.springframework.data.repository.core.support.RepositoryFactorySupport.getRepository(RepositoryFactorySupport.java:303)
	at org.springframework.data.repository.core.support.RepositoryFactoryBeanSupport.lambda$afterPropertiesSet$6(RepositoryFactoryBeanSupport.java:326)
	at org.springframework.data.util.Lazy.getNullable(Lazy.java:230)
	at org.springframework.data.util.Lazy.get(Lazy.java:114)
	at org.springframework.data.repository.core.support.RepositoryFactoryBeanSupport.afterPropertiesSet(RepositoryFactoryBeanSupport.java:329)
	at org.springframework.data.jpa.repository.support.JpaRepositoryFactoryBean.afterPropertiesSet(JpaRepositoryFactoryBean.java:144)
	at org.springframework.beans.factory.support.AbstractAutowireCapableBeanFactory.invokeInitMethods(AbstractAutowireCapableBeanFactory.java:1847)
	at org.springframework.beans.factory.support.AbstractAutowireCapableBeanFactory.initializeBean(AbstractAutowireCapableBeanFactory.java:1784)
	... 43 common frames omitted
Caused by: java.lang.IllegalArgumentException: org.hibernate.QueryException: could not resolve property: Categorie of: dev.entities.Film [select f from dev.entities.Film f where f.Categorie.nom=:search]
	at org.hibernate.internal.ExceptionConverterImpl.convert(ExceptionConverterImpl.java:138)
	at org.hibernate.internal.ExceptionConverterImpl.convert(ExceptionConverterImpl.java:181)
	at org.hibernate.internal.ExceptionConverterImpl.convert(ExceptionConverterImpl.java:188)
	at org.hibernate.internal.AbstractSharedSessionContract.createQuery(AbstractSharedSessionContract.java:725)
	at org.hibernate.internal.AbstractSharedSessionContract.createQuery(AbstractSharedSessionContract.java:113)
	at java.base/jdk.internal.reflect.NativeMethodAccessorImpl.invoke0(Native Method)
	at java.base/jdk.internal.reflect.NativeMethodAccessorImpl.invoke(NativeMethodAccessorImpl.java:62)
	at java.base/jdk.internal.reflect.DelegatingMethodAccessorImpl.invoke(DelegatingMethodAccessorImpl.java:43)
	at java.base/java.lang.reflect.Method.invoke(Method.java:564)
	at org.springframework.orm.jpa.ExtendedEntityManagerCreator$ExtendedEntityManagerInvocationHandler.invoke(ExtendedEntityManagerCreator.java:362)
	at com.sun.proxy.$Proxy70.createQuery(Unknown Source)
	at org.springframework.data.jpa.repository.query.SimpleJpaQuery.validateQuery(SimpleJpaQuery.java:87)
	... 72 common frames omitted
Caused by: org.hibernate.QueryException: could not resolve property: Categorie of: dev.entities.Film [select f from dev.entities.Film f where f.Categorie.nom=:search]
	at org.hibernate.QueryException.generateQueryException(QueryException.java:120)
	at org.hibernate.QueryException.wrapWithQueryString(QueryException.java:103)
	at org.hibernate.hql.internal.ast.QueryTranslatorImpl.doCompile(QueryTranslatorImpl.java:220)
	at org.hibernate.hql.internal.ast.QueryTranslatorImpl.compile(QueryTranslatorImpl.java:144)
	at org.hibernate.engine.query.spi.HQLQueryPlan.<init>(HQLQueryPlan.java:113)
	at org.hibernate.engine.query.spi.HQLQueryPlan.<init>(HQLQueryPlan.java:73)
	at org.hibernate.engine.query.spi.QueryPlanCache.getHQLQueryPlan(QueryPlanCache.java:162)
	at org.hibernate.internal.AbstractSharedSessionContract.getQueryPlan(AbstractSharedSessionContract.java:604)
	at org.hibernate.internal.AbstractSharedSessionContract.createQuery(AbstractSharedSessionContract.java:716)
	... 80 common frames omitted
Caused by: org.hibernate.QueryException: could not resolve property: Categorie of: dev.entities.Film
	at org.hibernate.persister.entity.AbstractPropertyMapping.propertyException(AbstractPropertyMapping.java:77)
	at org.hibernate.persister.entity.AbstractPropertyMapping.toType(AbstractPropertyMapping.java:71)
	at org.hibernate.persister.entity.AbstractEntityPersister.toType(AbstractEntityPersister.java:2043)
	at org.hibernate.hql.internal.ast.tree.FromElementType.getPropertyType(FromElementType.java:412)
	at org.hibernate.hql.internal.ast.tree.FromElement.getPropertyType(FromElement.java:520)
	at org.hibernate.hql.internal.ast.tree.DotNode.getDataType(DotNode.java:694)
	at org.hibernate.hql.internal.ast.HqlSqlWalker.lookupProperty(HqlSqlWalker.java:667)
	at org.hibernate.hql.internal.antlr.HqlSqlBaseWalker.addrExpr(HqlSqlBaseWalker.java:5068)
	at org.hibernate.hql.internal.antlr.HqlSqlBaseWalker.expr(HqlSqlBaseWalker.java:1299)
	at org.hibernate.hql.internal.antlr.HqlSqlBaseWalker.exprOrSubquery(HqlSqlBaseWalker.java:4771)
	at org.hibernate.hql.internal.antlr.HqlSqlBaseWalker.comparisonExpr(HqlSqlBaseWalker.java:4237)
	at org.hibernate.hql.internal.antlr.HqlSqlBaseWalker.logicalExpr(HqlSqlBaseWalker.java:2161)
	at org.hibernate.hql.internal.antlr.HqlSqlBaseWalker.whereClause(HqlSqlBaseWalker.java:827)
	at org.hibernate.hql.internal.antlr.HqlSqlBaseWalker.query(HqlSqlBaseWalker.java:621)
	at org.hibernate.hql.internal.antlr.HqlSqlBaseWalker.selectStatement(HqlSqlBaseWalker.java:325)
	at org.hibernate.hql.internal.antlr.HqlSqlBaseWalker.statement(HqlSqlBaseWalker.java:273)
	at org.hibernate.hql.internal.ast.QueryTranslatorImpl.analyze(QueryTranslatorImpl.java:276)
	at org.hibernate.hql.internal.ast.QueryTranslatorImpl.doCompile(QueryTranslatorImpl.java:192)
	... 86 common frames omitted
17-12-2020 10:10:39.956  - Application run failed
org.springframework.beans.factory.UnsatisfiedDependencyException: Error creating bean with name 'jpa2Application': Unsatisfied dependency expressed through field 'filmServ'; nested exception is org.springframework.beans.factory.UnsatisfiedDependencyException: Error creating bean with name 'filmService' defined in file [C:\Users\cql-v\eclipse-workspace\jpa2\target\classes\dev\services\FilmService.class]: Unsatisfied dependency expressed through constructor parameter 0; nested exception is org.springframework.beans.factory.BeanCreationException: Error creating bean with name 'filmRepository' defined in dev.repositories.FilmRepository defined in @EnableJpaRepositories declared on Jpa2Application: Invocation of init method failed; nested exception is java.lang.IllegalArgumentException: Validation failed for query for method public abstract java.util.List dev.repositories.FilmRepository.findByCategorie(java.lang.String)!
	at org.springframework.beans.factory.annotation.AutowiredAnnotationBeanPostProcessor$AutowiredFieldElement.inject(AutowiredAnnotationBeanPostProcessor.java:643)
	at org.springframework.beans.factory.annotation.InjectionMetadata.inject(InjectionMetadata.java:119)
	at org.springframework.beans.factory.annotation.AutowiredAnnotationBeanPostProcessor.postProcessProperties(AutowiredAnnotationBeanPostProcessor.java:399)
	at org.springframework.beans.factory.support.AbstractAutowireCapableBeanFactory.populateBean(AbstractAutowireCapableBeanFactory.java:1415)
	at org.springframework.beans.factory.support.AbstractAutowireCapableBeanFactory.doCreateBean(AbstractAutowireCapableBeanFactory.java:608)
	at org.springframework.beans.factory.support.AbstractAutowireCapableBeanFactory.createBean(AbstractAutowireCapableBeanFactory.java:531)
	at org.springframework.beans.factory.support.AbstractBeanFactory.lambda$doGetBean$0(AbstractBeanFactory.java:335)
	at org.springframework.beans.factory.support.DefaultSingletonBeanRegistry.getSingleton(DefaultSingletonBeanRegistry.java:234)
	at org.springframework.beans.factory.support.AbstractBeanFactory.doGetBean(AbstractBeanFactory.java:333)
	at org.springframework.beans.factory.support.AbstractBeanFactory.getBean(AbstractBeanFactory.java:208)
	at org.springframework.beans.factory.support.DefaultListableBeanFactory.preInstantiateSingletons(DefaultListableBeanFactory.java:944)
	at org.springframework.context.support.AbstractApplicationContext.finishBeanFactoryInitialization(AbstractApplicationContext.java:923)
	at org.springframework.context.support.AbstractApplicationContext.refresh(AbstractApplicationContext.java:588)
	at org.springframework.boot.SpringApplication.refresh(SpringApplication.java:767)
	at org.springframework.boot.SpringApplication.refresh(SpringApplication.java:759)
	at org.springframework.boot.SpringApplication.refreshContext(SpringApplication.java:426)
	at org.springframework.boot.SpringApplication.run(SpringApplication.java:326)
	at org.springframework.boot.SpringApplication.run(SpringApplication.java:1309)
	at org.springframework.boot.SpringApplication.run(SpringApplication.java:1298)
	at dev.Jpa2Application.main(Jpa2Application.java:34)
Caused by: org.springframework.beans.factory.UnsatisfiedDependencyException: Error creating bean with name 'filmService' defined in file [C:\Users\cql-v\eclipse-workspace\jpa2\target\classes\dev\services\FilmService.class]: Unsatisfied dependency expressed through constructor parameter 0; nested exception is org.springframework.beans.factory.BeanCreationException: Error creating bean with name 'filmRepository' defined in dev.repositories.FilmRepository defined in @EnableJpaRepositories declared on Jpa2Application: Invocation of init method failed; nested exception is java.lang.IllegalArgumentException: Validation failed for query for method public abstract java.util.List dev.repositories.FilmRepository.findByCategorie(java.lang.String)!
	at org.springframework.beans.factory.support.ConstructorResolver.createArgumentArray(ConstructorResolver.java:800)
	at org.springframework.beans.factory.support.ConstructorResolver.autowireConstructor(ConstructorResolver.java:229)
	at org.springframework.beans.factory.support.AbstractAutowireCapableBeanFactory.autowireConstructor(AbstractAutowireCapableBeanFactory.java:1356)
	at org.springframework.beans.factory.support.AbstractAutowireCapableBeanFactory.createBeanInstance(AbstractAutowireCapableBeanFactory.java:1206)
	at org.springframework.beans.factory.support.AbstractAutowireCapableBeanFactory.doCreateBean(AbstractAutowireCapableBeanFactory.java:571)
	at org.springframework.beans.factory.support.AbstractAutowireCapableBeanFactory.createBean(AbstractAutowireCapableBeanFactory.java:531)
	at org.springframework.beans.factory.support.AbstractBeanFactory.lambda$doGetBean$0(AbstractBeanFactory.java:335)
	at org.springframework.beans.factory.support.DefaultSingletonBeanRegistry.getSingleton(DefaultSingletonBeanRegistry.java:234)
	at org.springframework.beans.factory.support.AbstractBeanFactory.doGetBean(AbstractBeanFactory.java:333)
	at org.springframework.beans.factory.support.AbstractBeanFactory.getBean(AbstractBeanFactory.java:208)
	at org.springframework.beans.factory.config.DependencyDescriptor.resolveCandidate(DependencyDescriptor.java:276)
	at org.springframework.beans.factory.support.DefaultListableBeanFactory.doResolveDependency(DefaultListableBeanFactory.java:1367)
	at org.springframework.beans.factory.support.DefaultListableBeanFactory.resolveDependency(DefaultListableBeanFactory.java:1287)
	at org.springframework.beans.factory.annotation.AutowiredAnnotationBeanPostProcessor$AutowiredFieldElement.inject(AutowiredAnnotationBeanPostProcessor.java:640)
	... 19 common frames omitted
Caused by: org.springframework.beans.factory.BeanCreationException: Error creating bean with name 'filmRepository' defined in dev.repositories.FilmRepository defined in @EnableJpaRepositories declared on Jpa2Application: Invocation of init method failed; nested exception is java.lang.IllegalArgumentException: Validation failed for query for method public abstract java.util.List dev.repositories.FilmRepository.findByCategorie(java.lang.String)!
	at org.springframework.beans.factory.support.AbstractAutowireCapableBeanFactory.initializeBean(AbstractAutowireCapableBeanFactory.java:1788)
	at org.springframework.beans.factory.support.AbstractAutowireCapableBeanFactory.doCreateBean(AbstractAutowireCapableBeanFactory.java:609)
	at org.springframework.beans.factory.support.AbstractAutowireCapableBeanFactory.createBean(AbstractAutowireCapableBeanFactory.java:531)
	at org.springframework.beans.factory.support.AbstractBeanFactory.lambda$doGetBean$0(AbstractBeanFactory.java:335)
	at org.springframework.beans.factory.support.DefaultSingletonBeanRegistry.getSingleton(DefaultSingletonBeanRegistry.java:234)
	at org.springframework.beans.factory.support.AbstractBeanFactory.doGetBean(AbstractBeanFactory.java:333)
	at org.springframework.beans.factory.support.AbstractBeanFactory.getBean(AbstractBeanFactory.java:208)
	at org.springframework.beans.factory.config.DependencyDescriptor.resolveCandidate(DependencyDescriptor.java:276)
	at org.springframework.beans.factory.support.DefaultListableBeanFactory.doResolveDependency(DefaultListableBeanFactory.java:1367)
	at org.springframework.beans.factory.support.DefaultListableBeanFactory.resolveDependency(DefaultListableBeanFactory.java:1287)
	at org.springframework.beans.factory.support.ConstructorResolver.resolveAutowiredArgument(ConstructorResolver.java:887)
	at org.springframework.beans.factory.support.ConstructorResolver.createArgumentArray(ConstructorResolver.java:791)
	... 32 common frames omitted
Caused by: java.lang.IllegalArgumentException: Validation failed for query for method public abstract java.util.List dev.repositories.FilmRepository.findByCategorie(java.lang.String)!
	at org.springframework.data.jpa.repository.query.SimpleJpaQuery.validateQuery(SimpleJpaQuery.java:93)
	at org.springframework.data.jpa.repository.query.SimpleJpaQuery.<init>(SimpleJpaQuery.java:63)
	at org.springframework.data.jpa.repository.query.JpaQueryFactory.fromMethodWithQueryString(JpaQueryFactory.java:76)
	at org.springframework.data.jpa.repository.query.JpaQueryFactory.fromQueryAnnotation(JpaQueryFactory.java:56)
	at org.springframework.data.jpa.repository.query.JpaQueryLookupStrategy$DeclaredQueryLookupStrategy.resolveQuery(JpaQueryLookupStrategy.java:146)
	at org.springframework.data.jpa.repository.query.JpaQueryLookupStrategy$CreateIfNotFoundQueryLookupStrategy.resolveQuery(JpaQueryLookupStrategy.java:216)
	at org.springframework.data.jpa.repository.query.JpaQueryLookupStrategy$AbstractQueryLookupStrategy.resolveQuery(JpaQueryLookupStrategy.java:81)
	at org.springframework.data.repository.core.support.QueryExecutorMethodInterceptor.lookupQuery(QueryExecutorMethodInterceptor.java:100)
	at org.springframework.data.repository.core.support.QueryExecutorMethodInterceptor.lambda$mapMethodsToQuery$1(QueryExecutorMethodInterceptor.java:93)
	at java.base/java.util.stream.ReferencePipeline$3$1.accept(ReferencePipeline.java:195)
	at java.base/java.util.Iterator.forEachRemaining(Iterator.java:133)
	at java.base/java.util.Collections$UnmodifiableCollection$1.forEachRemaining(Collections.java:1056)
	at java.base/java.util.Spliterators$IteratorSpliterator.forEachRemaining(Spliterators.java:1801)
	at java.base/java.util.stream.AbstractPipeline.copyInto(AbstractPipeline.java:484)
	at java.base/java.util.stream.AbstractPipeline.wrapAndCopyInto(AbstractPipeline.java:474)
	at java.base/java.util.stream.ReduceOps$ReduceOp.evaluateSequential(ReduceOps.java:913)
	at java.base/java.util.stream.AbstractPipeline.evaluate(AbstractPipeline.java:234)
	at java.base/java.util.stream.ReferencePipeline.collect(ReferencePipeline.java:578)
	at org.springframework.data.repository.core.support.QueryExecutorMethodInterceptor.mapMethodsToQuery(QueryExecutorMethodInterceptor.java:95)
	at org.springframework.data.repository.core.support.QueryExecutorMethodInterceptor.lambda$new$0(QueryExecutorMethodInterceptor.java:85)
	at java.base/java.util.Optional.map(Optional.java:258)
	at org.springframework.data.repository.core.support.QueryExecutorMethodInterceptor.<init>(QueryExecutorMethodInterceptor.java:85)
	at org.springframework.data.repository.core.support.RepositoryFactorySupport.getRepository(RepositoryFactorySupport.java:303)
	at org.springframework.data.repository.core.support.RepositoryFactoryBeanSupport.lambda$afterPropertiesSet$6(RepositoryFactoryBeanSupport.java:326)
	at org.springframework.data.util.Lazy.getNullable(Lazy.java:230)
	at org.springframework.data.util.Lazy.get(Lazy.java:114)
	at org.springframework.data.repository.core.support.RepositoryFactoryBeanSupport.afterPropertiesSet(RepositoryFactoryBeanSupport.java:329)
	at org.springframework.data.jpa.repository.support.JpaRepositoryFactoryBean.afterPropertiesSet(JpaRepositoryFactoryBean.java:144)
	at org.springframework.beans.factory.support.AbstractAutowireCapableBeanFactory.invokeInitMethods(AbstractAutowireCapableBeanFactory.java:1847)
	at org.springframework.beans.factory.support.AbstractAutowireCapableBeanFactory.initializeBean(AbstractAutowireCapableBeanFactory.java:1784)
	... 43 common frames omitted
Caused by: java.lang.IllegalArgumentException: org.hibernate.QueryException: could not resolve property: categorie of: dev.entities.Film [select f from dev.entities.Film f where f.categorie.nom=:search]
	at org.hibernate.internal.ExceptionConverterImpl.convert(ExceptionConverterImpl.java:138)
	at org.hibernate.internal.ExceptionConverterImpl.convert(ExceptionConverterImpl.java:181)
	at org.hibernate.internal.ExceptionConverterImpl.convert(ExceptionConverterImpl.java:188)
	at org.hibernate.internal.AbstractSharedSessionContract.createQuery(AbstractSharedSessionContract.java:725)
	at org.hibernate.internal.AbstractSharedSessionContract.createQuery(AbstractSharedSessionContract.java:113)
	at java.base/jdk.internal.reflect.NativeMethodAccessorImpl.invoke0(Native Method)
	at java.base/jdk.internal.reflect.NativeMethodAccessorImpl.invoke(NativeMethodAccessorImpl.java:62)
	at java.base/jdk.internal.reflect.DelegatingMethodAccessorImpl.invoke(DelegatingMethodAccessorImpl.java:43)
	at java.base/java.lang.reflect.Method.invoke(Method.java:564)
	at org.springframework.orm.jpa.ExtendedEntityManagerCreator$ExtendedEntityManagerInvocationHandler.invoke(ExtendedEntityManagerCreator.java:362)
	at com.sun.proxy.$Proxy70.createQuery(Unknown Source)
	at org.springframework.data.jpa.repository.query.SimpleJpaQuery.validateQuery(SimpleJpaQuery.java:87)
	... 72 common frames omitted
Caused by: org.hibernate.QueryException: could not resolve property: categorie of: dev.entities.Film [select f from dev.entities.Film f where f.categorie.nom=:search]
	at org.hibernate.QueryException.generateQueryException(QueryException.java:120)
	at org.hibernate.QueryException.wrapWithQueryString(QueryException.java:103)
	at org.hibernate.hql.internal.ast.QueryTranslatorImpl.doCompile(QueryTranslatorImpl.java:220)
	at org.hibernate.hql.internal.ast.QueryTranslatorImpl.compile(QueryTranslatorImpl.java:144)
	at org.hibernate.engine.query.spi.HQLQueryPlan.<init>(HQLQueryPlan.java:113)
	at org.hibernate.engine.query.spi.HQLQueryPlan.<init>(HQLQueryPlan.java:73)
	at org.hibernate.engine.query.spi.QueryPlanCache.getHQLQueryPlan(QueryPlanCache.java:162)
	at org.hibernate.internal.AbstractSharedSessionContract.getQueryPlan(AbstractSharedSessionContract.java:604)
	at org.hibernate.internal.AbstractSharedSessionContract.createQuery(AbstractSharedSessionContract.java:716)
	... 80 common frames omitted
Caused by: org.hibernate.QueryException: could not resolve property: categorie of: dev.entities.Film
	at org.hibernate.persister.entity.AbstractPropertyMapping.propertyException(AbstractPropertyMapping.java:77)
	at org.hibernate.persister.entity.AbstractPropertyMapping.toType(AbstractPropertyMapping.java:71)
	at org.hibernate.persister.entity.AbstractEntityPersister.toType(AbstractEntityPersister.java:2043)
	at org.hibernate.hql.internal.ast.tree.FromElementType.getPropertyType(FromElementType.java:412)
	at org.hibernate.hql.internal.ast.tree.FromElement.getPropertyType(FromElement.java:520)
	at org.hibernate.hql.internal.ast.tree.DotNode.getDataType(DotNode.java:694)
	at org.hibernate.hql.internal.ast.HqlSqlWalker.lookupProperty(HqlSqlWalker.java:667)
	at org.hibernate.hql.internal.antlr.HqlSqlBaseWalker.addrExpr(HqlSqlBaseWalker.java:5068)
	at org.hibernate.hql.internal.antlr.HqlSqlBaseWalker.expr(HqlSqlBaseWalker.java:1299)
	at org.hibernate.hql.internal.antlr.HqlSqlBaseWalker.exprOrSubquery(HqlSqlBaseWalker.java:4771)
	at org.hibernate.hql.internal.antlr.HqlSqlBaseWalker.comparisonExpr(HqlSqlBaseWalker.java:4237)
	at org.hibernate.hql.internal.antlr.HqlSqlBaseWalker.logicalExpr(HqlSqlBaseWalker.java:2161)
	at org.hibernate.hql.internal.antlr.HqlSqlBaseWalker.whereClause(HqlSqlBaseWalker.java:827)
	at org.hibernate.hql.internal.antlr.HqlSqlBaseWalker.query(HqlSqlBaseWalker.java:621)
	at org.hibernate.hql.internal.antlr.HqlSqlBaseWalker.selectStatement(HqlSqlBaseWalker.java:325)
	at org.hibernate.hql.internal.antlr.HqlSqlBaseWalker.statement(HqlSqlBaseWalker.java:273)
	at org.hibernate.hql.internal.ast.QueryTranslatorImpl.analyze(QueryTranslatorImpl.java:276)
	at org.hibernate.hql.internal.ast.QueryTranslatorImpl.doCompile(QueryTranslatorImpl.java:192)
	... 86 common frames omitted
